0 info it worked if it ends with ok
1 verbose cli [ 'C:\\Program Files\\nodejs\\node.exe',
1 verbose cli   'C:\\Users\\Laptop\\AppData\\Roaming\\npm\\node_modules\\npm\\bin\\npm-cli.js',
1 verbose cli   'start' ]
2 info using npm@4.1.2
3 info using node@v6.9.5
4 verbose run-script [ 'prestart', 'start', 'poststart' ]
5 info lifecycle serie-a-standings@~prestart: serie-a-standings@
6 silly lifecycle serie-a-standings@~prestart: no script for prestart, continuing
7 info lifecycle serie-a-standings@~start: serie-a-standings@
8 verbose lifecycle serie-a-standings@~start: unsafe-perm in lifecycle true
9 verbose lifecycle serie-a-standings@~start: PATH: C:\Users\Laptop\AppData\Roaming\npm\node_modules\npm\bin\node-gyp-bin;C:\Users\Laptop\Desktop\api\node_modules\.bin;C:\Users\Laptop\bin;C:\Program Files\Git\mingw64\bin;C:\Program Files\Git\usr\local\bin;C:\Program Files\Git\usr\bin;C:\Program Files\Git\usr\bin;C:\Program Files\Git\mingw64\bin;C:\Program Files\Git\usr\bin;C:\Users\Laptop\bin;C:\ProgramData\Oracle\Java\javapath;C:\Program Files (x86)\PC Connectivity Solution;C:\Program Files\Common Files\Microsoft Shared\Windows Live;C:\windows\system32;C:\windows;C:\windows\System32\Wbem;C:\windows\System32\WindowsPowerShell\v1.0;C:\Program Files (x86)\ATI Technologies\ATI.ACE\Core-Static;C:\Program Files\Lenovo\Bluetooth Software;C:\Program Files\Lenovo\Bluetooth Software\syswow64;C:\Program Files\Intel\WiFi\bin;C:\Program Files\Common Files\Intel\WirelessCommon;C:\Program Files\nodejs;C:\Program Files\Java\jdk1.8.0_77\lib;C:\Users\Laptop\AppData\Local\Android\sdk;C:\Users\Laptop\AppData\Roaming\npm;C:\Program Files\Git\usr\bin\vendor_perl;C:\Program Files\Git\usr\bin\core_perl
10 verbose lifecycle serie-a-standings@~start: CWD: C:\Users\Laptop\Desktop\api
11 silly lifecycle serie-a-standings@~start: Args: [ '/d /s /c', 'node server.js' ]
12 silly lifecycle serie-a-standings@~start: Returned: code: 1  signal: null
13 info lifecycle serie-a-standings@~start: Failed to exec start script
14 verbose stack Error: serie-a-standings@ start: `node server.js`
14 verbose stack Exit status 1
14 verbose stack     at EventEmitter.<anonymous> (C:\Users\Laptop\AppData\Roaming\npm\node_modules\npm\lib\utils\lifecycle.js:279:16)
14 verbose stack     at emitTwo (events.js:106:13)
14 verbose stack     at EventEmitter.emit (events.js:191:7)
14 verbose stack     at ChildProcess.<anonymous> (C:\Users\Laptop\AppData\Roaming\npm\node_modules\npm\lib\utils\spawn.js:40:14)
14 verbose stack     at emitTwo (events.js:106:13)
14 verbose stack     at ChildProcess.emit (events.js:191:7)
14 verbose stack     at maybeClose (internal/child_process.js:877:16)
14 verbose stack     at Process.ChildProcess._handle.onexit (internal/child_process.js:226:5)
15 verbose pkgid serie-a-standings@
16 verbose cwd C:\Users\Laptop\Desktop\api
17 error Windows_NT 6.1.7601
18 error argv "C:\\Program Files\\nodejs\\node.exe" "C:\\Users\\Laptop\\AppData\\Roaming\\npm\\node_modules\\npm\\bin\\npm-cli.js" "start"
19 error node v6.9.5
20 error npm  v4.1.2
21 error code ELIFECYCLE
22 error serie-a-standings@ start: `node server.js`
22 error Exit status 1
23 error Failed at the serie-a-standings@ start script 'node server.js'.
23 error Make sure you have the latest version of node.js and npm installed.
23 error If you do, this is most likely a problem with the serie-a-standings package,
23 error not with npm itself.
23 error Tell the author that this fails on your system:
23 error     node server.js
23 error You can get information on how to open an issue for this project with:
23 error     npm bugs serie-a-standings
23 error Or if that isn't available, you can get their info via:
23 error     npm owner ls serie-a-standings
23 error There is likely additional logging output above.
24 verbose exit [ 1, true ]
